<component name="libraryTable">
  <library name="junit-4.3.1">
    <CLASSES>
      <root url="jar://$PROJECT_DIR$/devlib/junit-4.3.1/junit-4.3.1.jar!/" />
    </CLASSES>
    <JAVADOC />
    <SOURCES />
  </library>
</component>